<?xml version="1.0" encoding="UTF-8"?>
<testsuite xmlns:xsi="http://www.w3.org/2001/XMLSchema-instance" xsi:noNamespaceSchemaLocation="https://maven.apache.org/surefire/maven-surefire-plugin/xsd/surefire-test-report-3.0.xsd" version="3.0" name="org.TestMathUtils" time="0.16" tests="5" errors="0" skipped="1" failures="1">
  <properties>
[...]
</properties>
  <testcase name="testdivide" classname="org.TestMathUtils" time="0.045"/>
  <testcase name="disabledtestcase" classname="org.TestMathUtils" time="0">
    <skipped message="public void org.TestMathUtils.disabledtestcase() is @Disabled"/>
  </testcase>
  <testcase name="testadd" classname="org.TestMathUtils" time="0.005"/>
  <testcase name="testcomputeCircleArea" classname="org.TestMathUtils" time="0.003"/>
  <testcase name="displaynamedemo" classname="org.TestMathUtils" time="0.01">
    <failure type="org.opentest4j.AssertionFailedError"><![CDATA[org.opentest4j.AssertionFailedError: This will fail
	at org.TestMathUtils.displaynamedemo(TestMathUtils.java:48)
]]></failure>
    <system-out><![CDATA[...clearing...
]]></system-out>
  </testcase>
</testsuite>